Using pre-set license
Built from '2022.3/staging' branch; Version is '2022.3.36f1 (95a4219250e5) revision 9806881'; Using compiler version '192829333'; Build Type 'Release'
OS: 'Windows 10  (10.0.19045) 64bit Professional' Language: 'ru' Physical Memory: 16326 MB
BatchMode: 1, IsHumanControllingUs: 0, StartBugReporterOnCrash: 0, Is64bit: 1, IsPro: 1

COMMAND LINE ARGUMENTS:
D:\coding\tools\fckn unity\Editor\2022.3.36f1\Editor\Unity.exe
-adb2
-batchMode
-noUpm
-name
AssetImportWorker0
-projectPath
C:/Users/User/My project/game
-logFile
Logs/AssetImportWorker0.log
-srvPort
52885
Successfully changed project path to: C:/Users/User/My project/game
C:/Users/User/My project/game
[UnityMemory] Configuration Parameters - Can be set up in boot.config
    "memorysetup-bucket-allocator-granularity=16"
    "memorysetup-bucket-allocator-bucket-count=8"
    "memorysetup-bucket-allocator-block-size=33554432"
    "memorysetup-bucket-allocator-block-count=8"
    "memorysetup-main-allocator-block-size=16777216"
    "memorysetup-thread-allocator-block-size=16777216"
    "memorysetup-gfx-main-allocator-block-size=16777216"
    "memorysetup-gfx-thread-allocator-block-size=16777216"
    "memorysetup-cache-allocator-block-size=4194304"
    "memorysetup-typetree-allocator-block-size=2097152"
    "memorysetup-profiler-bucket-allocator-granularity=16"
    "memorysetup-profiler-bucket-allocator-bucket-count=8"
    "memorysetup-profiler-bucket-allocator-block-size=33554432"
    "memorysetup-profiler-bucket-allocator-block-count=8"
    "memorysetup-profiler-allocator-block-size=16777216"
    "memorysetup-profiler-editor-allocator-block-size=1048576"
    "memorysetup-temp-allocator-size-main=16777216"
    "memorysetup-job-temp-allocator-block-size=2097152"
    "memorysetup-job-temp-allocator-block-size-background=1048576"
    "memorysetup-job-temp-allocator-reduction-small-platforms=262144"
    "memorysetup-allocator-temp-initial-block-size-main=262144"
    "memorysetup-allocator-temp-initial-block-size-worker=262144"
    "memorysetup-temp-allocator-size-background-worker=32768"
    "memorysetup-temp-allocator-size-job-worker=262144"
    "memorysetup-temp-allocator-size-preload-manager=33554432"
    "memorysetup-temp-allocator-size-nav-mesh-worker=65536"
    "memorysetup-temp-allocator-size-audio-worker=65536"
    "memorysetup-temp-allocator-size-cloud-worker=32768"
    "memorysetup-temp-allocator-size-gi-baking-worker=262144"
    "memorysetup-temp-allocator-size-gfx=262144"
Player connection [8980] Host "[IP] 192.168.0.167 [Port] 0 [Flags] 2 [Guid] 3669629506 [EditorId] 3669629506 [Version] 1048832 [Id] WindowsEditor(7,HOME-PC) [Debug] 1 [PackageName] WindowsEditor [ProjectName] Editor" joined multi-casting on [225.0.0.222:54997]...

Player connection [8980] Host "[IP] 192.168.0.167 [Port] 0 [Flags] 2 [Guid] 3669629506 [EditorId] 3669629506 [Version] 1048832 [Id] WindowsEditor(7,HOME-PC) [Debug] 1 [PackageName] WindowsEditor [ProjectName] Editor" joined alternative multi-casting on [225.0.0.222:34997]...

[PhysX] Initialized MultithreadedTaskDispatcher with 12 workers.
Refreshing native plugins compatible for Editor in 17.08 ms, found 2 plugins.
Preloading 0 native plugins for Editor in 0.00 ms.
Initialize engine version: 2022.3.36f1 (95a4219250e5)
[Subsystems] Discovering subsystems at path D:/coding/tools/fckn unity/Editor/2022.3.36f1/Editor/Data/Resources/UnitySubsystems
[Subsystems] Discovering subsystems at path C:/Users/User/My project/game/Assets
GfxDevice: creating device client; threaded=0; jobified=0
Direct3D:
    Version:  Direct3D 11.0 [level 11.1]
    Renderer: NVIDIA GeForce GTX 1650 (ID=0x2188)
    Vendor:   NVIDIA
    VRAM:     3962 MB
    Driver:   30.0.14.7284
Initialize mono
Mono path[0] = 'D:/coding/tools/fckn unity/Editor/2022.3.36f1/Editor/Data/Managed'
Mono path[1] = 'D:/coding/tools/fckn unity/Editor/2022.3.36f1/Editor/Data/MonoBleedingEdge/lib/mono/unityjit-win32'
Mono config path = 'D:/coding/tools/fckn unity/Editor/2022.3.36f1/Editor/Data/MonoBleedingEdge/etc'
Using monoOptions --debugger-agent=transport=dt_socket,embedding=1,server=y,suspend=n,address=127.0.0.1:56380
Begin MonoManager ReloadAssembly
Registering precompiled unity dll's ...
Register platform support module: D:/coding/tools/fckn unity/Editor/2022.3.36f1/Editor/Data/PlaybackEngines/WebGLSupport/UnityEditor.WebGL.Extensions.dll
Register platform support module: D:/coding/tools/fckn unity/Editor/2022.3.36f1/Editor/Data/PlaybackEngines/WindowsStandaloneSupport/UnityEditor.WindowsStandalone.Extensions.dll
Registered in 0.005566 seconds.
- Loaded All Assemblies, in  0.376 seconds
Native extension for WindowsStandalone target not found
Native extension for WebGL target not found
Mono: successfully reloaded assembly
- Finished resetting the current domain, in  0.290 seconds
Domain Reload Profiling: 666ms
	BeginReloadAssembly (110ms)
		ExecutionOrderSort (0ms)
		DisableScriptedObjects (0ms)
		BackupInstance (0ms)
		ReleaseScriptingObjects (0ms)
		CreateAndSetChildDomain (1ms)
	RebuildCommonClasses (36ms)
	RebuildNativeTypeToScriptingClass (11ms)
	initialDomainReloadingComplete (54ms)
	LoadAllAssembliesAndSetupDomain (163ms)
		LoadAssemblies (110ms)
		RebuildTransferFunctionScriptingTraits (0ms)
		AnalyzeDomain (161ms)
			TypeCache.Refresh (159ms)
				TypeCache.ScanAssembly (145ms)
			ScanForSourceGeneratedMonoScriptInfo (0ms)
			ResolveRequiredComponents (1ms)
	FinalizeReload (290ms)
		ReleaseScriptCaches (0ms)
		RebuildScriptCaches (0ms)
		SetupLoadedEditorAssemblies (226ms)
			LogAssemblyErrors (0ms)
			InitializePlatformSupportModulesInManaged (9ms)
			SetLoadedEditorAssemblies (5ms)
			RefreshPlugins (0ms)
			BeforeProcessingInitializeOnLoad (2ms)
			ProcessInitializeOnLoadAttributes (157ms)
			ProcessInitializeOnLoadMethodAttributes (52ms)
			AfterProcessingInitializeOnLoad (0ms)
			EditorAssembliesLoaded (0ms)
		ExecutionOrderSort2 (0ms)
		AwakeInstancesAfterBackupRestoration (0ms)
========================================================================
Worker process is ready to serve import requests
Begin MonoManager ReloadAssembly
Symbol file LoadedFromMemory is not a mono symbol file
- Loaded All Assemblies, in  0.686 seconds
Refreshing native plugins compatible for Editor in 9.94 ms, found 2 plugins.
Native extension for WindowsStandalone target not found
Native extension for WebGL target not found
Package Manager log level set to [2]
[Package Manager] Server::EnsureServerProcessIsRunning -- launch failed, reason: Unity was launched with the -noUpm command-line argument
[Package Manager] UpmClient::Send -- Unable to send message (not connected to UPM process).
[Package Manager] Cannot connect to Unity Package Manager local server
Mono: successfully reloaded assembly
- Finished resetting the current domain, in  0.752 seconds
Domain Reload Profiling: 1436ms
	BeginReloadAssembly (168ms)
		ExecutionOrderSort (0ms)
		DisableScriptedObjects (5ms)
		BackupInstance (0ms)
		ReleaseScriptingObjects (0ms)
		CreateAndSetChildDomain (28ms)
	RebuildCommonClasses (38ms)
	RebuildNativeTypeToScriptingClass (12ms)
	initialDomainReloadingComplete (46ms)
	LoadAllAssembliesAndSetupDomain (419ms)
		LoadAssemblies (378ms)
		RebuildTransferFunctionScriptingTraits (0ms)
		AnalyzeDomain (141ms)
			TypeCache.Refresh (111ms)
				TypeCache.ScanAssembly (89ms)
			ScanForSourceGeneratedMonoScriptInfo (25ms)
			ResolveRequiredComponents (3ms)
	FinalizeReload (753ms)
		ReleaseScriptCaches (0ms)
		RebuildScriptCaches (0ms)
		SetupLoadedEditorAssemblies (584ms)
			LogAssemblyErrors (0ms)
			InitializePlatformSupportModulesInManaged (7ms)
			SetLoadedEditorAssemblies (4ms)
			RefreshPlugins (0ms)
			BeforeProcessingInitializeOnLoad (62ms)
			ProcessInitializeOnLoadAttributes (341ms)
			ProcessInitializeOnLoadMethodAttributes (165ms)
			AfterProcessingInitializeOnLoad (3ms)
			EditorAssembliesLoaded (0ms)
		ExecutionOrderSort2 (0ms)
		AwakeInstancesAfterBackupRestoration (7ms)
Launched and connected shader compiler UnityShaderCompiler.exe after 0.06 seconds
Refreshing native plugins compatible for Editor in 12.30 ms, found 2 plugins.
Preloading 0 native plugins for Editor in 0.00 ms.
Unloading 2509 Unused Serialized files (Serialized files now loaded: 0)
Unloading 64 unused Assets / (71.9 KB). Loaded Objects now: 2949.
Memory consumption went from 106.2 MB to 106.1 MB.
Total: 7.636000 ms (FindLiveObjects: 0.283000 ms CreateObjectMapping: 0.062700 ms MarkObjects: 7.123000 ms  DeleteObjects: 0.166000 ms)

AssetImportParameters requested are different than current active one (requested -> active):
  custom:video-decoder-webm-vp8: 9c59270c3fd7afecdb556c50c9e8de78 -> 
  custom:SearchIndexIgnoredProperties: e643bd26f0fe6173181afceb89e7c659 -> 
  custom:container-demuxer-ogg: 62fdf1f143b41e24485cea50d1cbac27 -> 
  custom:AudioImporter_EditorPlatform: d09bf68614088b80899f8185d706f6e7 -> 
  custom:video-decoder-ogg-theora: a1e56fd34408186e4bbccfd4996cb3dc -> 
  custom:framework-win-MediaFoundation: 216162199b28c13a410421893ffa2e32 -> 
  custom:video-encoder-webm-vp8: eb34c28f22e8b96e1ab97ce403110664 -> 
  custom:audio-decoder-ogg-vorbis: bf7c407c2cedff20999df2af8eb42d56 -> 
  custom:CustomObjectIndexerAttribute: 9a22284fe3817be447336de3de66b15e -> 
  custom:container-demuxer-webm: 4f35f7cbe854078d1ac9338744f61a02 -> 
  custom:audio-encoder-webm-vorbis: bf7c407c2cedff20999df2af8eb42d56 -> 
  custom:container-muxer-webm: aa71ff27fc2769a1b78a27578f13a17b -> 
========================================================================
Received Import Request.
  Time since last request: 678006.626924 seconds.
  path: Assets/Mockup.png
  artifactKey: Guid(53ba71ea88d108443abdd25822446b65) Importer(815301076,1909f56bfc062723c751e8b465ee728b)
Start importing Assets/Mockup.png using Guid(53ba71ea88d108443abdd25822446b65) Importer(815301076,1909f56bfc062723c751e8b465ee728b) [PhysX] Initialized MultithreadedTaskDispatcher with 12 workers.
[PhysX] Initialized MultithreadedTaskDispatcher with 12 workers.
 -> (artifact id: 'e0945876b56690d59bf408d9abf86b62') in 0.108302 seconds
Number of updated asset objects reloaded before import = 0
Number of asset objects unloaded after import = 3
========================================================================
Received Import Request.
  Time since last request: 168.592169 seconds.
  path: Assets/Colour2/Outline/120x80_PNGSheets/_Attack.png
  artifactKey: Guid(82c7d6a2bc6ac724788992741b141dd2) Importer(815301076,1909f56bfc062723c751e8b465ee728b)
Start importing Assets/Colour2/Outline/120x80_PNGSheets/_Attack.png using Guid(82c7d6a2bc6ac724788992741b141dd2) Importer(815301076,1909f56bfc062723c751e8b465ee728b) [PhysX] Initialized MultithreadedTaskDispatcher with 12 workers.
[PhysX] Initialized MultithreadedTaskDispatcher with 12 workers.
 -> (artifact id: '87c1b4827292d2a9294aa4d89ca63d51') in 0.015111 seconds
Number of updated asset objects reloaded before import = 0
Number of asset objects unloaded after import = 3
========================================================================
Received Import Request.
  Time since last request: 0.021767 seconds.
  path: Assets/Colour2/Outline/120x80_PNGSheets/_AttackComboNoMovement.png
  artifactKey: Guid(f7fdd45a42e19654d84dd904abdbf90c) Importer(815301076,1909f56bfc062723c751e8b465ee728b)
Start importing Assets/Colour2/Outline/120x80_PNGSheets/_AttackComboNoMovement.png using Guid(f7fdd45a42e19654d84dd904abdbf90c) Importer(815301076,1909f56bfc062723c751e8b465ee728b) [PhysX] Initialized MultithreadedTaskDispatcher with 12 workers.
[PhysX] Initialized MultithreadedTaskDispatcher with 12 workers.
 -> (artifact id: 'c995f685de72e72d8631971f45e05591') in 0.017695 seconds
Number of updated asset objects reloaded before import = 0
Number of asset objects unloaded after import = 3
========================================================================
Received Import Request.
  Time since last request: 0.000024 seconds.
  path: Assets/Colour2/Outline/120x80_PNGSheets/_CrouchWalk.png
  artifactKey: Guid(819eb759bf81daf47a1a2208e22e919a) Importer(815301076,1909f56bfc062723c751e8b465ee728b)
Start importing Assets/Colour2/Outline/120x80_PNGSheets/_CrouchWalk.png using Guid(819eb759bf81daf47a1a2208e22e919a) Importer(815301076,1909f56bfc062723c751e8b465ee728b) [PhysX] Initialized MultithreadedTaskDispatcher with 12 workers.
[PhysX] Initialized MultithreadedTaskDispatcher with 12 workers.
 -> (artifact id: '5f79c77a077c4b0e62c405220a7a6417') in 0.029702 seconds
Number of updated asset objects reloaded before import = 0
Number of asset objects unloaded after import = 3
========================================================================
Received Import Request.
  Time since last request: 0.000021 seconds.
  path: Assets/Colour2/Outline/120x80_PNGSheets/_DeathNoMovement.png
  artifactKey: Guid(008ca1016c32189439afb3acb3c325db) Importer(815301076,1909f56bfc062723c751e8b465ee728b)
Start importing Assets/Colour2/Outline/120x80_PNGSheets/_DeathNoMovement.png using Guid(008ca1016c32189439afb3acb3c325db) Importer(815301076,1909f56bfc062723c751e8b465ee728b) [PhysX] Initialized MultithreadedTaskDispatcher with 12 workers.
[PhysX] Initialized MultithreadedTaskDispatcher with 12 workers.
 -> (artifact id: '97d54a07cda12f6990cddfe0fe0201e0') in 0.026602 seconds
Number of updated asset objects reloaded before import = 0
Number of asset objects unloaded after import = 3
========================================================================
Received Import Request.
  Time since last request: 0.000022 seconds.
  path: Assets/Colour2/Outline/120x80_PNGSheets/_Slide.png
  artifactKey: Guid(56f4cee02f3a16a49a0df0c4ca76d3fe) Importer(815301076,1909f56bfc062723c751e8b465ee728b)
Start importing Assets/Colour2/Outline/120x80_PNGSheets/_Slide.png using Guid(56f4cee02f3a16a49a0df0c4ca76d3fe) Importer(815301076,1909f56bfc062723c751e8b465ee728b) [PhysX] Initialized MultithreadedTaskDispatcher with 12 workers.
[PhysX] Initialized MultithreadedTaskDispatcher with 12 workers.
 -> (artifact id: 'ddfe8d21029c779e305bdd3e2ecdb647') in 0.031924 seconds
Number of updated asset objects reloaded before import = 0
Number of asset objects unloaded after import = 3
========================================================================
Received Import Request.
  Time since last request: 0.000027 seconds.
  path: Assets/Colour2/Outline/120x80_PNGSheets/_CrouchTransition.png
  artifactKey: Guid(eee24c40235d02a428ee05fba92c9199) Importer(815301076,1909f56bfc062723c751e8b465ee728b)
Start importing Assets/Colour2/Outline/120x80_PNGSheets/_CrouchTransition.png using Guid(eee24c40235d02a428ee05fba92c9199) Importer(815301076,1909f56bfc062723c751e8b465ee728b) [PhysX] Initialized MultithreadedTaskDispatcher with 12 workers.
[PhysX] Initialized MultithreadedTaskDispatcher with 12 workers.
 -> (artifact id: '65c57a4e082dced1957518c4a29c544d') in 0.021328 seconds
Number of updated asset objects reloaded before import = 0
Number of asset objects unloaded after import = 3
========================================================================
Received Import Request.
  Time since last request: 0.000024 seconds.
  path: Assets/Colour2/Outline/120x80_PNGSheets/_Jump.png
  artifactKey: Guid(ad647baae27b0d248a0b2833cd8b3b21) Importer(815301076,1909f56bfc062723c751e8b465ee728b)
Start importing Assets/Colour2/Outline/120x80_PNGSheets/_Jump.png using Guid(ad647baae27b0d248a0b2833cd8b3b21) Importer(815301076,1909f56bfc062723c751e8b465ee728b) [PhysX] Initialized MultithreadedTaskDispatcher with 12 workers.
[PhysX] Initialized MultithreadedTaskDispatcher with 12 workers.
 -> (artifact id: '6e0ccc4466e0381ee6b03ed8c26385f3') in 0.025146 seconds
Number of updated asset objects reloaded before import = 0
Number of asset objects unloaded after import = 3
========================================================================
Received Import Request.
  Time since last request: 0.000017 seconds.
  path: Assets/Colour2/Outline/120x80_PNGSheets/_CrouchAll.png
  artifactKey: Guid(9258464d4101fe34fa34be30b7540141) Importer(815301076,1909f56bfc062723c751e8b465ee728b)
Start importing Assets/Colour2/Outline/120x80_PNGSheets/_CrouchAll.png using Guid(9258464d4101fe34fa34be30b7540141) Importer(815301076,1909f56bfc062723c751e8b465ee728b) [PhysX] Initialized MultithreadedTaskDispatcher with 12 workers.
[PhysX] Initialized MultithreadedTaskDispatcher with 12 workers.
 -> (artifact id: 'ed12b8d3df021912e6eb3280963093df') in 0.031495 seconds
Number of updated asset objects reloaded before import = 0
Number of asset objects unloaded after import = 3
========================================================================
Received Import Request.
  Time since last request: 0.000024 seconds.
  path: Assets/Colour2/Outline/120x80_PNGSheets/_TurnAround.png
  artifactKey: Guid(8678a170eacd54c449df654b03c2f09d) Importer(815301076,1909f56bfc062723c751e8b465ee728b)
Start importing Assets/Colour2/Outline/120x80_PNGSheets/_TurnAround.png using Guid(8678a170eacd54c449df654b03c2f09d) Importer(815301076,1909f56bfc062723c751e8b465ee728b) [PhysX] Initialized MultithreadedTaskDispatcher with 12 workers.
[PhysX] Initialized MultithreadedTaskDispatcher with 12 workers.
 -> (artifact id: '9537ac512e604827f62790c8261c33cd') in 0.035738 seconds
Number of updated asset objects reloaded before import = 0
Number of asset objects unloaded after import = 3
========================================================================
Received Import Request.
  Time since last request: 0.000027 seconds.
  path: Assets/Colour2/Outline/120x80_PNGSheets/_WallClimb.png
  artifactKey: Guid(ed3dc47f5dfff9540978b14abb2e045a) Importer(815301076,1909f56bfc062723c751e8b465ee728b)
Start importing Assets/Colour2/Outline/120x80_PNGSheets/_WallClimb.png using Guid(ed3dc47f5dfff9540978b14abb2e045a) Importer(815301076,1909f56bfc062723c751e8b465ee728b) [PhysX] Initialized MultithreadedTaskDispatcher with 12 workers.
[PhysX] Initialized MultithreadedTaskDispatcher with 12 workers.
 -> (artifact id: '3726e48991882905c1b0c9ae160c4d2b') in 0.018104 seconds
Number of updated asset objects reloaded before import = 0
Number of asset objects unloaded after import = 3
========================================================================
Received Import Request.
  Time since last request: 0.000024 seconds.
  path: Assets/Colour2/Outline/120x80_PNGSheets/_JumpFallInbetween.png
  artifactKey: Guid(93ee710987bb23b4d9a6b47b2c849e72) Importer(815301076,1909f56bfc062723c751e8b465ee728b)
Start importing Assets/Colour2/Outline/120x80_PNGSheets/_JumpFallInbetween.png using Guid(93ee710987bb23b4d9a6b47b2c849e72) Importer(815301076,1909f56bfc062723c751e8b465ee728b) [PhysX] Initialized MultithreadedTaskDispatcher with 12 workers.
[PhysX] Initialized MultithreadedTaskDispatcher with 12 workers.
 -> (artifact id: '7257abf680897be30b81c4c0d4bb48f9') in 0.015000 seconds
Number of updated asset objects reloaded before import = 0
Number of asset objects unloaded after import = 3
========================================================================
Received Import Request.
  Time since last request: 0.000017 seconds.
  path: Assets/Colour2/Outline/120x80_PNGSheets/_AttackNoMovement.png
  artifactKey: Guid(16382e0d7fb81af41abb589079a4406a) Importer(815301076,1909f56bfc062723c751e8b465ee728b)
Start importing Assets/Colour2/Outline/120x80_PNGSheets/_AttackNoMovement.png using Guid(16382e0d7fb81af41abb589079a4406a) Importer(815301076,1909f56bfc062723c751e8b465ee728b) [PhysX] Initialized MultithreadedTaskDispatcher with 12 workers.
[PhysX] Initialized MultithreadedTaskDispatcher with 12 workers.
 -> (artifact id: '62e76e64989afce9e5f9be1e7b96d8e6') in 0.014361 seconds
Number of updated asset objects reloaded before import = 0
Number of asset objects unloaded after import = 3
========================================================================
Received Import Request.
  Time since last request: 0.000025 seconds.
  path: Assets/Colour2/Outline/120x80_PNGSheets/_Dash.png
  artifactKey: Guid(0bedf0f8f7d7ee84aa5b89fcbc8ea668) Importer(815301076,1909f56bfc062723c751e8b465ee728b)
Start importing Assets/Colour2/Outline/120x80_PNGSheets/_Dash.png using Guid(0bedf0f8f7d7ee84aa5b89fcbc8ea668) Importer(815301076,1909f56bfc062723c751e8b465ee728b) [PhysX] Initialized MultithreadedTaskDispatcher with 12 workers.
[PhysX] Initialized MultithreadedTaskDispatcher with 12 workers.
 -> (artifact id: 'f14aec49144f86177380a6703d998dc8') in 0.014450 seconds
Number of updated asset objects reloaded before import = 0
Number of asset objects unloaded after import = 3
========================================================================
Received Import Request.
  Time since last request: 0.000027 seconds.
  path: Assets/Colour2/Outline/120x80_PNGSheets/_Run.png
  artifactKey: Guid(6d3171f211342934684cd7744ffa68d1) Importer(815301076,1909f56bfc062723c751e8b465ee728b)
Start importing Assets/Colour2/Outline/120x80_PNGSheets/_Run.png using Guid(6d3171f211342934684cd7744ffa68d1) Importer(815301076,1909f56bfc062723c751e8b465ee728b) [PhysX] Initialized MultithreadedTaskDispatcher with 12 workers.
[PhysX] Initialized MultithreadedTaskDispatcher with 12 workers.
 -> (artifact id: '5471d6e3bd649a5524a0048384f46f61') in 0.013386 seconds
Number of updated asset objects reloaded before import = 0
Number of asset objects unloaded after import = 3
========================================================================
Received Import Request.
  Time since last request: 0.000022 seconds.
  path: Assets/Colour2/Outline/120x80_PNGSheets/_Death.png
  artifactKey: Guid(6380693f901c3dc49ab1bebbfb238279) Importer(815301076,1909f56bfc062723c751e8b465ee728b)
Start importing Assets/Colour2/Outline/120x80_PNGSheets/_Death.png using Guid(6380693f901c3dc49ab1bebbfb238279) Importer(815301076,1909f56bfc062723c751e8b465ee728b) [PhysX] Initialized MultithreadedTaskDispatcher with 12 workers.
[PhysX] Initialized MultithreadedTaskDispatcher with 12 workers.
 -> (artifact id: 'ff16909d699f761c03b70ed0ee831507') in 0.014411 seconds
Number of updated asset objects reloaded before import = 0
Number of asset objects unloaded after import = 3
========================================================================
Received Import Request.
  Time since last request: 40.354682 seconds.
  path: Assets/parallax_mountain_pack/layers/parallax-mountain-foreground-trees.png
  artifactKey: Guid(c70a73a14d795074ab0303d3739fbebe) Importer(815301076,1909f56bfc062723c751e8b465ee728b)
Start importing Assets/parallax_mountain_pack/layers/parallax-mountain-foreground-trees.png using Guid(c70a73a14d795074ab0303d3739fbebe) Importer(815301076,1909f56bfc062723c751e8b465ee728b) [PhysX] Initialized MultithreadedTaskDispatcher with 12 workers.
[PhysX] Initialized MultithreadedTaskDispatcher with 12 workers.
 -> (artifact id: '70a0d3c42e4a3f702e558802e94f8126') in 0.014004 seconds
Number of updated asset objects reloaded before import = 0
Number of asset objects unloaded after import = 3
========================================================================
Received Import Request.
  Time since last request: 0.000021 seconds.
  path: Assets/parallax_mountain_pack/layers/parallax-mountain-mountains.png
  artifactKey: Guid(b0216fb4e973d6d4e9c9028784933c0b) Importer(815301076,1909f56bfc062723c751e8b465ee728b)
Start importing Assets/parallax_mountain_pack/layers/parallax-mountain-mountains.png using Guid(b0216fb4e973d6d4e9c9028784933c0b) Importer(815301076,1909f56bfc062723c751e8b465ee728b) [PhysX] Initialized MultithreadedTaskDispatcher with 12 workers.
[PhysX] Initialized MultithreadedTaskDispatcher with 12 workers.
 -> (artifact id: 'd86352f9d12c2a567556c11c01f7a347') in 0.012231 seconds
Number of updated asset objects reloaded before import = 0
Number of asset objects unloaded after import = 3
========================================================================
Received Import Request.
  Time since last request: 1.240172 seconds.
  path: Assets/Foreground/TilesExamples.png
  artifactKey: Guid(7fc10bd31ecae7042a920764ab6d5602) Importer(815301076,1909f56bfc062723c751e8b465ee728b)
Start importing Assets/Foreground/TilesExamples.png using Guid(7fc10bd31ecae7042a920764ab6d5602) Importer(815301076,1909f56bfc062723c751e8b465ee728b) [PhysX] Initialized MultithreadedTaskDispatcher with 12 workers.
[PhysX] Initialized MultithreadedTaskDispatcher with 12 workers.
 -> (artifact id: '70fe395f243873d5cccd4ee1954086e5') in 0.032061 seconds
Number of updated asset objects reloaded before import = 0
Number of asset objects unloaded after import = 3
========================================================================
Received Import Request.
  Time since last request: 9.459645 seconds.
  path: Assets/Super Mountain Dusk Files/Layers/far-mountains.png
  artifactKey: Guid(637741f49a90c4047a27c2e54ad4a248) Importer(815301076,1909f56bfc062723c751e8b465ee728b)
Start importing Assets/Super Mountain Dusk Files/Layers/far-mountains.png using Guid(637741f49a90c4047a27c2e54ad4a248) Importer(815301076,1909f56bfc062723c751e8b465ee728b) [PhysX] Initialized MultithreadedTaskDispatcher with 12 workers.
[PhysX] Initialized MultithreadedTaskDispatcher with 12 workers.
 -> (artifact id: '1bfa1f7417bb2acd088d0a4d7e959037') in 0.031983 seconds
Number of updated asset objects reloaded before import = 0
Number of asset objects unloaded after import = 3
========================================================================
Received Import Request.
  Time since last request: 0.000016 seconds.
  path: Assets/Super Mountain Dusk Files/Layers/sky.png
  artifactKey: Guid(fc47986051d989a4cad61f96e0a029e2) Importer(815301076,1909f56bfc062723c751e8b465ee728b)
Start importing Assets/Super Mountain Dusk Files/Layers/sky.png using Guid(fc47986051d989a4cad61f96e0a029e2) Importer(815301076,1909f56bfc062723c751e8b465ee728b) [PhysX] Initialized MultithreadedTaskDispatcher with 12 workers.
[PhysX] Initialized MultithreadedTaskDispatcher with 12 workers.
 -> (artifact id: '54eb8a6dcf82cc42284be1a78d337f07') in 0.016110 seconds
Number of updated asset objects reloaded before import = 0
Number of asset objects unloaded after import = 3
Editor requested this worker to shutdown with reason: Scaling down because of idle timeout
TcpMessagingSession - receive error: operation aborted. errorcode: 995, details: ќпераци€ ввода/вывода была прервана из-за завершени€ потока команд или по запросу приложени€.
AssetImportWorker is now disconnected from the server
Process exiting
Exiting without the bug reporter. Application will terminate with return code 0