Using pre-set license
Built from '2022.3/staging' branch; Version is '2022.3.36f1 (95a4219250e5) revision 9806881'; Using compiler version '192829333'; Build Type 'Release'
OS: 'Windows 10  (10.0.19045) 64bit Professional' Language: 'ru' Physical Memory: 16326 MB
BatchMode: 1, IsHumanControllingUs: 0, StartBugReporterOnCrash: 0, Is64bit: 1, IsPro: 1

COMMAND LINE ARGUMENTS:
D:\coding\tools\fckn unity\Editor\2022.3.36f1\Editor\Unity.exe
-adb2
-batchMode
-noUpm
-name
AssetImportWorker5
-projectPath
C:/Users/User/My project/game
-logFile
Logs/AssetImportWorker5.log
-srvPort
52885
Successfully changed project path to: C:/Users/User/My project/game
C:/Users/User/My project/game
[UnityMemory] Configuration Parameters - Can be set up in boot.config
    "memorysetup-bucket-allocator-granularity=16"
    "memorysetup-bucket-allocator-bucket-count=8"
    "memorysetup-bucket-allocator-block-size=33554432"
    "memorysetup-bucket-allocator-block-count=8"
    "memorysetup-main-allocator-block-size=16777216"
    "memorysetup-thread-allocator-block-size=16777216"
    "memorysetup-gfx-main-allocator-block-size=16777216"
    "memorysetup-gfx-thread-allocator-block-size=16777216"
    "memorysetup-cache-allocator-block-size=4194304"
    "memorysetup-typetree-allocator-block-size=2097152"
    "memorysetup-profiler-bucket-allocator-granularity=16"
    "memorysetup-profiler-bucket-allocator-bucket-count=8"
    "memorysetup-profiler-bucket-allocator-block-size=33554432"
    "memorysetup-profiler-bucket-allocator-block-count=8"
    "memorysetup-profiler-allocator-block-size=16777216"
    "memorysetup-profiler-editor-allocator-block-size=1048576"
    "memorysetup-temp-allocator-size-main=16777216"
    "memorysetup-job-temp-allocator-block-size=2097152"
    "memorysetup-job-temp-allocator-block-size-background=1048576"
    "memorysetup-job-temp-allocator-reduction-small-platforms=262144"
    "memorysetup-allocator-temp-initial-block-size-main=262144"
    "memorysetup-allocator-temp-initial-block-size-worker=262144"
    "memorysetup-temp-allocator-size-background-worker=32768"
    "memorysetup-temp-allocator-size-job-worker=262144"
    "memorysetup-temp-allocator-size-preload-manager=33554432"
    "memorysetup-temp-allocator-size-nav-mesh-worker=65536"
    "memorysetup-temp-allocator-size-audio-worker=65536"
    "memorysetup-temp-allocator-size-cloud-worker=32768"
    "memorysetup-temp-allocator-size-gi-baking-worker=262144"
    "memorysetup-temp-allocator-size-gfx=262144"
Player connection [3684] Host "[IP] 192.168.0.167 [Port] 0 [Flags] 2 [Guid] 101147790 [EditorId] 101147790 [Version] 1048832 [Id] WindowsEditor(7,HOME-PC) [Debug] 1 [PackageName] WindowsEditor [ProjectName] Editor" joined multi-casting on [225.0.0.222:54997]...

Player connection [3684] Host "[IP] 192.168.0.167 [Port] 0 [Flags] 2 [Guid] 101147790 [EditorId] 101147790 [Version] 1048832 [Id] WindowsEditor(7,HOME-PC) [Debug] 1 [PackageName] WindowsEditor [ProjectName] Editor" joined alternative multi-casting on [225.0.0.222:34997]...

[PhysX] Initialized MultithreadedTaskDispatcher with 12 workers.
Refreshing native plugins compatible for Editor in 13.57 ms, found 2 plugins.
Preloading 0 native plugins for Editor in 0.00 ms.
Initialize engine version: 2022.3.36f1 (95a4219250e5)
[Subsystems] Discovering subsystems at path D:/coding/tools/fckn unity/Editor/2022.3.36f1/Editor/Data/Resources/UnitySubsystems
[Subsystems] Discovering subsystems at path C:/Users/User/My project/game/Assets
GfxDevice: creating device client; threaded=0; jobified=0
Direct3D:
    Version:  Direct3D 11.0 [level 11.1]
    Renderer: NVIDIA GeForce GTX 1650 (ID=0x2188)
    Vendor:   NVIDIA
    VRAM:     3962 MB
    Driver:   30.0.14.7284
Initialize mono
Mono path[0] = 'D:/coding/tools/fckn unity/Editor/2022.3.36f1/Editor/Data/Managed'
Mono path[1] = 'D:/coding/tools/fckn unity/Editor/2022.3.36f1/Editor/Data/MonoBleedingEdge/lib/mono/unityjit-win32'
Mono config path = 'D:/coding/tools/fckn unity/Editor/2022.3.36f1/Editor/Data/MonoBleedingEdge/etc'
Using monoOptions --debugger-agent=transport=dt_socket,embedding=1,server=y,suspend=n,address=127.0.0.1:56704
Begin MonoManager ReloadAssembly
Registering precompiled unity dll's ...
Register platform support module: D:/coding/tools/fckn unity/Editor/2022.3.36f1/Editor/Data/PlaybackEngines/WebGLSupport/UnityEditor.WebGL.Extensions.dll
Register platform support module: D:/coding/tools/fckn unity/Editor/2022.3.36f1/Editor/Data/PlaybackEngines/WindowsStandaloneSupport/UnityEditor.WindowsStandalone.Extensions.dll
Registered in 0.005068 seconds.
- Loaded All Assemblies, in  0.298 seconds
Native extension for WindowsStandalone target not found
Native extension for WebGL target not found
Mono: successfully reloaded assembly
- Finished resetting the current domain, in  0.239 seconds
Domain Reload Profiling: 537ms
	BeginReloadAssembly (91ms)
		ExecutionOrderSort (0ms)
		DisableScriptedObjects (0ms)
		BackupInstance (0ms)
		ReleaseScriptingObjects (0ms)
		CreateAndSetChildDomain (1ms)
	RebuildCommonClasses (31ms)
	RebuildNativeTypeToScriptingClass (10ms)
	initialDomainReloadingComplete (45ms)
	LoadAllAssembliesAndSetupDomain (121ms)
		LoadAssemblies (90ms)
		RebuildTransferFunctionScriptingTraits (0ms)
		AnalyzeDomain (119ms)
			TypeCache.Refresh (118ms)
				TypeCache.ScanAssembly (107ms)
			ScanForSourceGeneratedMonoScriptInfo (0ms)
			ResolveRequiredComponents (0ms)
	FinalizeReload (239ms)
		ReleaseScriptCaches (0ms)
		RebuildScriptCaches (0ms)
		SetupLoadedEditorAssemblies (188ms)
			LogAssemblyErrors (0ms)
			InitializePlatformSupportModulesInManaged (8ms)
			SetLoadedEditorAssemblies (5ms)
			RefreshPlugins (0ms)
			BeforeProcessingInitializeOnLoad (2ms)
			ProcessInitializeOnLoadAttributes (132ms)
			ProcessInitializeOnLoadMethodAttributes (40ms)
			AfterProcessingInitializeOnLoad (0ms)
			EditorAssembliesLoaded (0ms)
		ExecutionOrderSort2 (0ms)
		AwakeInstancesAfterBackupRestoration (0ms)
========================================================================
Worker process is ready to serve import requests
Begin MonoManager ReloadAssembly
Symbol file LoadedFromMemory is not a mono symbol file
- Loaded All Assemblies, in  0.481 seconds
Refreshing native plugins compatible for Editor in 8.04 ms, found 2 plugins.
Native extension for WindowsStandalone target not found
Native extension for WebGL target not found
Package Manager log level set to [2]
[Package Manager] Server::EnsureServerProcessIsRunning -- launch failed, reason: Unity was launched with the -noUpm command-line argument
[Package Manager] UpmClient::Send -- Unable to send message (not connected to UPM process).
[Package Manager] Cannot connect to Unity Package Manager local server
Mono: successfully reloaded assembly
- Finished resetting the current domain, in  0.558 seconds
Domain Reload Profiling: 1037ms
	BeginReloadAssembly (125ms)
		ExecutionOrderSort (0ms)
		DisableScriptedObjects (5ms)
		BackupInstance (0ms)
		ReleaseScriptingObjects (0ms)
		CreateAndSetChildDomain (21ms)
	RebuildCommonClasses (30ms)
	RebuildNativeTypeToScriptingClass (10ms)
	initialDomainReloadingComplete (33ms)
	LoadAllAssembliesAndSetupDomain (279ms)
		LoadAssemblies (243ms)
		RebuildTransferFunctionScriptingTraits (0ms)
		AnalyzeDomain (106ms)
			TypeCache.Refresh (87ms)
				TypeCache.ScanAssembly (73ms)
			ScanForSourceGeneratedMonoScriptInfo (16ms)
			ResolveRequiredComponents (2ms)
	FinalizeReload (559ms)
		ReleaseScriptCaches (0ms)
		RebuildScriptCaches (0ms)
		SetupLoadedEditorAssemblies (440ms)
			LogAssemblyErrors (0ms)
			InitializePlatformSupportModulesInManaged (5ms)
			SetLoadedEditorAssemblies (4ms)
			RefreshPlugins (0ms)
			BeforeProcessingInitializeOnLoad (48ms)
			ProcessInitializeOnLoadAttributes (250ms)
			ProcessInitializeOnLoadMethodAttributes (131ms)
			AfterProcessingInitializeOnLoad (3ms)
			EditorAssembliesLoaded (0ms)
		ExecutionOrderSort2 (0ms)
		AwakeInstancesAfterBackupRestoration (5ms)
Launched and connected shader compiler UnityShaderCompiler.exe after 0.04 seconds
Refreshing native plugins compatible for Editor in 8.03 ms, found 2 plugins.
Preloading 0 native plugins for Editor in 0.00 ms.
Unloading 2509 Unused Serialized files (Serialized files now loaded: 0)
Unloading 64 unused Assets / (71.6 KB). Loaded Objects now: 2949.
Memory consumption went from 106.2 MB to 106.1 MB.
Total: 5.789000 ms (FindLiveObjects: 0.222800 ms CreateObjectMapping: 0.078100 ms MarkObjects: 5.370300 ms  DeleteObjects: 0.117100 ms)

AssetImportParameters requested are different than current active one (requested -> active):
  custom:video-decoder-webm-vp8: 9c59270c3fd7afecdb556c50c9e8de78 -> 
  custom:SearchIndexIgnoredProperties: e643bd26f0fe6173181afceb89e7c659 -> 
  custom:container-demuxer-ogg: 62fdf1f143b41e24485cea50d1cbac27 -> 
  custom:AudioImporter_EditorPlatform: d09bf68614088b80899f8185d706f6e7 -> 
  custom:video-decoder-ogg-theora: a1e56fd34408186e4bbccfd4996cb3dc -> 
  custom:framework-win-MediaFoundation: 216162199b28c13a410421893ffa2e32 -> 
  custom:video-encoder-webm-vp8: eb34c28f22e8b96e1ab97ce403110664 -> 
  custom:audio-decoder-ogg-vorbis: bf7c407c2cedff20999df2af8eb42d56 -> 
  custom:CustomObjectIndexerAttribute: 9a22284fe3817be447336de3de66b15e -> 
  custom:container-demuxer-webm: 4f35f7cbe854078d1ac9338744f61a02 -> 
  custom:audio-encoder-webm-vorbis: bf7c407c2cedff20999df2af8eb42d56 -> 
  custom:container-muxer-webm: aa71ff27fc2769a1b78a27578f13a17b -> 
========================================================================
Received Import Request.
  Time since last request: 685107.123139 seconds.
  path: Assets/Foreground/Tileset.png
  artifactKey: Guid(c2f6e59529d8ad04781827c3f1ebf1a5) Importer(815301076,1909f56bfc062723c751e8b465ee728b)
Start importing Assets/Foreground/Tileset.png using Guid(c2f6e59529d8ad04781827c3f1ebf1a5) Importer(815301076,1909f56bfc062723c751e8b465ee728b) [PhysX] Initialized MultithreadedTaskDispatcher with 12 workers.
[PhysX] Initialized MultithreadedTaskDispatcher with 12 workers.
 -> (artifact id: '54dcb09f942d6cf22978eb2cffb0eb72') in 0.257181 seconds
Number of updated asset objects reloaded before import = 0
Number of asset objects unloaded after import = 36
========================================================================
Received Import Request.
  Time since last request: 0.000020 seconds.
  path: Assets/Foreground/Tileset_12.asset
  artifactKey: Guid(96b063994fd74d94494e4730bfe2738d) Importer(815301076,1909f56bfc062723c751e8b465ee728b)
Start importing Assets/Foreground/Tileset_12.asset using Guid(96b063994fd74d94494e4730bfe2738d) Importer(815301076,1909f56bfc062723c751e8b465ee728b) [PhysX] Initialized MultithreadedTaskDispatcher with 12 workers.
 -> (artifact id: '76d57214e39865288f6000de261e9150') in 0.017780 seconds
Number of updated asset objects reloaded before import = 0
Number of asset objects unloaded after import = 3
========================================================================
Received Import Request.
  Time since last request: 0.000029 seconds.
  path: Assets/Foreground/Tileset_22.asset
  artifactKey: Guid(b58eb671839b2c240a7d80442a361623) Importer(815301076,1909f56bfc062723c751e8b465ee728b)
Start importing Assets/Foreground/Tileset_22.asset using Guid(b58eb671839b2c240a7d80442a361623) Importer(815301076,1909f56bfc062723c751e8b465ee728b) [PhysX] Initialized MultithreadedTaskDispatcher with 12 workers.
 -> (artifact id: 'ec010a82c0a9a0f5a2bf76324e88402a') in 0.010908 seconds
Number of updated asset objects reloaded before import = 0
Number of asset objects unloaded after import = 3
========================================================================
Received Import Request.
  Time since last request: 108.825383 seconds.
  path: Assets/Foreground/Tileset.png
  artifactKey: Guid(c2f6e59529d8ad04781827c3f1ebf1a5) Importer(815301076,1909f56bfc062723c751e8b465ee728b)
Start importing Assets/Foreground/Tileset.png using Guid(c2f6e59529d8ad04781827c3f1ebf1a5) Importer(815301076,1909f56bfc062723c751e8b465ee728b) [PhysX] Initialized MultithreadedTaskDispatcher with 12 workers.
[PhysX] Initialized MultithreadedTaskDispatcher with 12 workers.
 -> (artifact id: '00133bcc67a6bd1bf60bf1b36f9e06b2') in 0.118989 seconds
Number of updated asset objects reloaded before import = 0
Number of asset objects unloaded after import = 36
========================================================================
Received Import Request.
  Time since last request: 0.000026 seconds.
  path: Assets/Foreground/Tileset_21.asset
  artifactKey: Guid(27548c9f5fb19cf49b8b2d907a4cb867) Importer(815301076,1909f56bfc062723c751e8b465ee728b)
Start importing Assets/Foreground/Tileset_21.asset using Guid(27548c9f5fb19cf49b8b2d907a4cb867) Importer(815301076,1909f56bfc062723c751e8b465ee728b) [PhysX] Initialized MultithreadedTaskDispatcher with 12 workers.
 -> (artifact id: '528cf0eb248ad23c7c7abd4056fd8b4a') in 0.010979 seconds
Number of updated asset objects reloaded before import = 0
Number of asset objects unloaded after import = 3
========================================================================
Received Import Request.
  Time since last request: 0.000025 seconds.
  path: Assets/Foreground/Tileset_24.asset
  artifactKey: Guid(ccee360c6c66c9a479f688c67d320e39) Importer(815301076,1909f56bfc062723c751e8b465ee728b)
Start importing Assets/Foreground/Tileset_24.asset using Guid(ccee360c6c66c9a479f688c67d320e39) Importer(815301076,1909f56bfc062723c751e8b465ee728b) [PhysX] Initialized MultithreadedTaskDispatcher with 12 workers.
 -> (artifact id: 'a146410be6b66a5457467d1948ec468a') in 0.006888 seconds
Number of updated asset objects reloaded before import = 0
Number of asset objects unloaded after import = 3
========================================================================
Received Import Request.
  Time since last request: 0.000020 seconds.
  path: Assets/Foreground/Tileset_28.asset
  artifactKey: Guid(45496ae919e60ca45919586f38fcdf45) Importer(815301076,1909f56bfc062723c751e8b465ee728b)
Start importing Assets/Foreground/Tileset_28.asset using Guid(45496ae919e60ca45919586f38fcdf45) Importer(815301076,1909f56bfc062723c751e8b465ee728b) [PhysX] Initialized MultithreadedTaskDispatcher with 12 workers.
 -> (artifact id: 'ea60bd0d323272f9ef4f3bf72d3ac7a3') in 0.010585 seconds
Number of updated asset objects reloaded before import = 0
Number of asset objects unloaded after import = 3
========================================================================
Received Import Request.
  Time since last request: 0.000066 seconds.
  path: Assets/Foreground/Tileset_0.asset
  artifactKey: Guid(516fd898bc86a8d4d88431fd4c033769) Importer(815301076,1909f56bfc062723c751e8b465ee728b)
Start importing Assets/Foreground/Tileset_0.asset using Guid(516fd898bc86a8d4d88431fd4c033769) Importer(815301076,1909f56bfc062723c751e8b465ee728b) [PhysX] Initialized MultithreadedTaskDispatcher with 12 workers.
 -> (artifact id: '78a8b35fd616c69890f129075f41385c') in 0.005503 seconds
Number of updated asset objects reloaded before import = 0
Number of asset objects unloaded after import = 3
========================================================================
Received Import Request.
  Time since last request: 0.000019 seconds.
  path: Assets/Foreground/Tileset_8.asset
  artifactKey: Guid(fff2ada1c0bc5734790451f1170ba8e6) Importer(815301076,1909f56bfc062723c751e8b465ee728b)
Start importing Assets/Foreground/Tileset_8.asset using Guid(fff2ada1c0bc5734790451f1170ba8e6) Importer(815301076,1909f56bfc062723c751e8b465ee728b) [PhysX] Initialized MultithreadedTaskDispatcher with 12 workers.
 -> (artifact id: '977ed9e5b221eb4ce10b19c426cba12c') in 0.005423 seconds
Number of updated asset objects reloaded before import = 0
Number of asset objects unloaded after import = 3
========================================================================
Received Import Request.
  Time since last request: 0.000019 seconds.
  path: Assets/Foreground/Tileset_20.asset
  artifactKey: Guid(f159106e681480242aba956d3cc168f8) Importer(815301076,1909f56bfc062723c751e8b465ee728b)
Start importing Assets/Foreground/Tileset_20.asset using Guid(f159106e681480242aba956d3cc168f8) Importer(815301076,1909f56bfc062723c751e8b465ee728b) [PhysX] Initialized MultithreadedTaskDispatcher with 12 workers.
 -> (artifact id: 'cc25d9e469f9e16a376aa44e12b02aee') in 0.007010 seconds
Number of updated asset objects reloaded before import = 0
Number of asset objects unloaded after import = 3
========================================================================
Received Import Request.
  Time since last request: 0.000020 seconds.
  path: Assets/Foreground/Tileset_25.asset
  artifactKey: Guid(537c43cbf34c04c4f93a732bf4adccb3) Importer(815301076,1909f56bfc062723c751e8b465ee728b)
Start importing Assets/Foreground/Tileset_25.asset using Guid(537c43cbf34c04c4f93a732bf4adccb3) Importer(815301076,1909f56bfc062723c751e8b465ee728b) [PhysX] Initialized MultithreadedTaskDispatcher with 12 workers.
 -> (artifact id: 'e87f4b31c52ff961ad19ba5cbff4a500') in 0.012184 seconds
Number of updated asset objects reloaded before import = 0
Number of asset objects unloaded after import = 3
========================================================================
Received Import Request.
  Time since last request: 0.000027 seconds.
  path: Assets/Foreground/Tileset_26.asset
  artifactKey: Guid(be805e5395871044b8cef4b3931bb5f6) Importer(815301076,1909f56bfc062723c751e8b465ee728b)
Start importing Assets/Foreground/Tileset_26.asset using Guid(be805e5395871044b8cef4b3931bb5f6) Importer(815301076,1909f56bfc062723c751e8b465ee728b) [PhysX] Initialized MultithreadedTaskDispatcher with 12 workers.
 -> (artifact id: 'dc43b456bc2f117a2e3cb4a161264220') in 0.005835 seconds
Number of updated asset objects reloaded before import = 0
Number of asset objects unloaded after import = 3
========================================================================
Received Import Request.
  Time since last request: 0.000018 seconds.
  path: Assets/Foreground/Tileset_4.asset
  artifactKey: Guid(2d68adb7b9383ae44ae9bf3418db68b4) Importer(815301076,1909f56bfc062723c751e8b465ee728b)
Start importing Assets/Foreground/Tileset_4.asset using Guid(2d68adb7b9383ae44ae9bf3418db68b4) Importer(815301076,1909f56bfc062723c751e8b465ee728b) [PhysX] Initialized MultithreadedTaskDispatcher with 12 workers.
 -> (artifact id: '98fcb926a6a23d2c4dac9ac46b995120') in 0.005518 seconds
Number of updated asset objects reloaded before import = 0
Number of asset objects unloaded after import = 3
========================================================================
Received Import Request.
  Time since last request: 0.000047 seconds.
  path: Assets/Foreground/Tileset_1.asset
  artifactKey: Guid(5e3693b22688e424f9804ef4151ba82b) Importer(815301076,1909f56bfc062723c751e8b465ee728b)
Start importing Assets/Foreground/Tileset_1.asset using Guid(5e3693b22688e424f9804ef4151ba82b) Importer(815301076,1909f56bfc062723c751e8b465ee728b) [PhysX] Initialized MultithreadedTaskDispatcher with 12 workers.
 -> (artifact id: '2ce73c980968ce4cd4fb7ec29b6b923f') in 0.009175 seconds
Number of updated asset objects reloaded before import = 0
Number of asset objects unloaded after import = 3
========================================================================
Received Import Request.
  Time since last request: 0.000017 seconds.
  path: Assets/Foreground/Tileset_16.asset
  artifactKey: Guid(ed30584811b02874c92b251428e2c33e) Importer(815301076,1909f56bfc062723c751e8b465ee728b)
Start importing Assets/Foreground/Tileset_16.asset using Guid(ed30584811b02874c92b251428e2c33e) Importer(815301076,1909f56bfc062723c751e8b465ee728b) [PhysX] Initialized MultithreadedTaskDispatcher with 12 workers.
 -> (artifact id: '7292be2c9dc517664184be0b8bb40ea9') in 0.008399 seconds
Number of updated asset objects reloaded before import = 0
Number of asset objects unloaded after import = 3
========================================================================
Received Import Request.
  Time since last request: 0.000017 seconds.
  path: Assets/Foreground/Tileset_6.asset
  artifactKey: Guid(5db4d6fc8a90faa429735461b44ef177) Importer(815301076,1909f56bfc062723c751e8b465ee728b)
Start importing Assets/Foreground/Tileset_6.asset using Guid(5db4d6fc8a90faa429735461b44ef177) Importer(815301076,1909f56bfc062723c751e8b465ee728b) [PhysX] Initialized MultithreadedTaskDispatcher with 12 workers.
 -> (artifact id: '77f46d4fecc6abe49490285259c7688d') in 0.007672 seconds
Number of updated asset objects reloaded before import = 0
Number of asset objects unloaded after import = 3
========================================================================
Received Import Request.
  Time since last request: 0.000018 seconds.
  path: Assets/Foreground/Tileset_19.asset
  artifactKey: Guid(97a4a28791dce574c84e4378ade7ec0c) Importer(815301076,1909f56bfc062723c751e8b465ee728b)
Start importing Assets/Foreground/Tileset_19.asset using Guid(97a4a28791dce574c84e4378ade7ec0c) Importer(815301076,1909f56bfc062723c751e8b465ee728b) [PhysX] Initialized MultithreadedTaskDispatcher with 12 workers.
 -> (artifact id: 'eaa76e08bb97c7030ca1bcb9bd339e55') in 0.008496 seconds
Number of updated asset objects reloaded before import = 0
Number of asset objects unloaded after import = 3
========================================================================
Received Import Request.
  Time since last request: 0.000017 seconds.
  path: Assets/Foreground/Tileset_10.asset
  artifactKey: Guid(bf23668aaf05534479b3e0cf00dfcb8b) Importer(815301076,1909f56bfc062723c751e8b465ee728b)
Start importing Assets/Foreground/Tileset_10.asset using Guid(bf23668aaf05534479b3e0cf00dfcb8b) Importer(815301076,1909f56bfc062723c751e8b465ee728b) [PhysX] Initialized MultithreadedTaskDispatcher with 12 workers.
 -> (artifact id: '28490ed70dbb5fe63710bb9dab7036e6') in 0.005840 seconds
Number of updated asset objects reloaded before import = 0
Number of asset objects unloaded after import = 3
========================================================================
Received Import Request.
  Time since last request: 0.000017 seconds.
  path: Assets/Foreground/Tileset_2.asset
  artifactKey: Guid(993a9a6c3d5f3d94596fb0e0717b7b29) Importer(815301076,1909f56bfc062723c751e8b465ee728b)
Start importing Assets/Foreground/Tileset_2.asset using Guid(993a9a6c3d5f3d94596fb0e0717b7b29) Importer(815301076,1909f56bfc062723c751e8b465ee728b) [PhysX] Initialized MultithreadedTaskDispatcher with 12 workers.
 -> (artifact id: '5ad6f93f8ca1432965db619c3cbf172b') in 0.005616 seconds
Number of updated asset objects reloaded before import = 0
Number of asset objects unloaded after import = 3
========================================================================
Received Import Request.
  Time since last request: 0.000015 seconds.
  path: Assets/Foreground/Tileset_15.asset
  artifactKey: Guid(578e9bafe345fb5439b07a60ad42dda7) Importer(815301076,1909f56bfc062723c751e8b465ee728b)
Start importing Assets/Foreground/Tileset_15.asset using Guid(578e9bafe345fb5439b07a60ad42dda7) Importer(815301076,1909f56bfc062723c751e8b465ee728b) [PhysX] Initialized MultithreadedTaskDispatcher with 12 workers.
 -> (artifact id: 'a3eb1309e092bb7c5f61d26d2a17c997') in 0.020306 seconds
Number of updated asset objects reloaded before import = 0
Number of asset objects unloaded after import = 3
========================================================================
Received Import Request.
  Time since last request: 0.000027 seconds.
  path: Assets/Foreground/Tileset_9.asset
  artifactKey: Guid(0cabe7c37162c5741bb613608eefc13d) Importer(815301076,1909f56bfc062723c751e8b465ee728b)
Start importing Assets/Foreground/Tileset_9.asset using Guid(0cabe7c37162c5741bb613608eefc13d) Importer(815301076,1909f56bfc062723c751e8b465ee728b) [PhysX] Initialized MultithreadedTaskDispatcher with 12 workers.
 -> (artifact id: 'e007469ca2cd74c27b0be0033c7b236f') in 0.007590 seconds
Number of updated asset objects reloaded before import = 0
Number of asset objects unloaded after import = 3
========================================================================
Received Import Request.
  Time since last request: 0.000016 seconds.
  path: Assets/Foreground/Tileset_3.asset
  artifactKey: Guid(06a5e712fa0afcb4fb87ce16ed439879) Importer(815301076,1909f56bfc062723c751e8b465ee728b)
Start importing Assets/Foreground/Tileset_3.asset using Guid(06a5e712fa0afcb4fb87ce16ed439879) Importer(815301076,1909f56bfc062723c751e8b465ee728b) [PhysX] Initialized MultithreadedTaskDispatcher with 12 workers.
 -> (artifact id: '29403ed9281f56a4b605780dc85761b6') in 0.007922 seconds
Number of updated asset objects reloaded before import = 0
Number of asset objects unloaded after import = 3
